{
  "RSpec": {
    "coverage": {
      "/home/upbeat-system-1415/tic-tac-toe-rb-online-web-sp-000/lib/tic_tac_toe.rb": [
        null,
        1,
        null,
        null,
        null,
        null,
        null,
        null,
        null,
        null,
        1,
        null,
        1,
        25,
        25,
        25,
        25,
        25,
        null,
        null,
        1,
        24,
        null,
        null,
        1,
        23,
        null,
        null,
        1,
        26,
        null,
        null,
        1,
        24,
        null,
        null,
        1,
        24,
        24,
        21,
        21,
        20,
        20,
        20,
        null,
        1,
        null,
        null,
        null,
        1,
        22,
        22,
        198,
        32,
        null,
        null,
        null,
        22,
        null,
        null,
        1,
        21,
        null,
        null,
        1,
        38,
        275,
        275,
        275,
        275,
        null,
        null,
        null,
        1,
        154,
        null,
        null,
        1,
        24,
        null,
        null,
        1,
        22,
        null,
        null,
        1,
        3,
        3,
        2,
        2,
        null,
        null,
        null,
        1,
        12,
        22,
        null,
        null,
        8,
        1,
        7,
        3,
        null,
        null,
        null,
        null,
        null,
        null,
        null
      ]
    },
    "timestamp": 1583106188
  }
}
