{
  "RSpec": {
    "coverage": {
      "/home/upbeat-system-1415/tic-tac-toe-rb-online-web-sp-000/lib/tic_tac_toe.rb": [
        null,
        1,
        null,
        null,
        null,
        null,
        null,
        null,
        null,
        null,
        1,
        null,
        1,
        7,
        7,
        7,
        7,
        7,
        null,
        null,
        1,
        6,
        null,
        null,
        1,
        6,
        null,
        null,
        1,
        8,
        null,
        null,
        1,
        6,
        null,
        null,
        1,
        3,
        3,
        3,
        3,
        2,
        2,
        null,
        1,
        null,
        null,
        null,
        1,
        2,
        2,
        18,
        5,
        null,
        null,
        null,
        2,
        null,
        null,
        1,
        1,
        null,
        null,
        1,
        11,
        78,
        78,
        78,
        78,
        null,
        null,
        null,
        1,
        59,
        null,
        null,
        1,
        7,
        null,
        null,
        1,
        3,
        null,
        null,
        1,
        3,
        3,
        2,
        2,
        null,
        null,
        null,
        null
      ]
    },
    "timestamp": 1583104971
  }
}
